<?xml version="1.0" encoding="UTF-8"?>
<!-- Generated by org.testng.reporters.JUnitXMLReporter -->
<testsuite ignored="0" hostname="LAPTOP-DP77IVOI" failures="0" tests="6" name="Test" time="0.117" errors="0" timestamp="2019-09-17T23:57:51 IST">
  <testcase classname="qaclickacademy.RestAssuredTest" name="PostJira" time="0.021"/>
  <testcase classname="qaclickacademy.RestAssuredTest" name="deleteTwitter" time="0.001"/>
  <testcase classname="qaclickacademy.AppiumTest" name="IOSApp" time="0.002"/>
  <testcase classname="qaclickacademy.AppiumTest" name="NativeAppAndroid" time="0.002"/>
  <testcase classname="qaclickacademy.SeleniumTest" name="browserAutomation" time="0.001"/>
  <testcase classname="qaclickacademy.SeleniumTest" name="elementsUI" time="0.001"/>
</testsuite> <!-- Test -->
