<?xml version="1.0" encoding="UTF-8"?>
<testng-results ignored="0" total="6" passed="6" failed="0" skipped="0">
  <reporter-output>
  </reporter-output>
  <suite started-at="2019-09-15T23:54:38 IST" name="Suite" finished-at="2019-09-15T23:54:38 IST" duration-ms="78">
    <groups>
    </groups>
    <test started-at="2019-09-15T23:54:38 IST" name="Test" finished-at="2019-09-15T23:54:38 IST" duration-ms="78">
      <class name="qaclickacademy.AppiumTest">
        <test-method signature="IOSApp()[pri:0, instance:qaclickacademy.AppiumTest@41ee392b]" started-at="2019-09-15T23:54:38 IST" name="IOSApp" finished-at="2019-09-15T23:54:38 IST" duration-ms="0" status="PASS">
          <reporter-output>
          </reporter-output>
        </test-method> <!-- IOSApp -->
        <test-method signature="NativeAppAndroid()[pri:0, instance:qaclickacademy.AppiumTest@41ee392b]" started-at="2019-09-15T23:54:38 IST" name="NativeAppAndroid" finished-at="2019-09-15T23:54:38 IST" duration-ms="0" status="PASS">
          <reporter-output>
          </reporter-output>
        </test-method> <!-- NativeAppAndroid -->
      </class> <!-- qaclickacademy.AppiumTest -->
      <class name="qaclickacademy.RestAssuredTest">
        <test-method signature="PostJira()[pri:0, instance:qaclickacademy.RestAssuredTest@2ea6137]" started-at="2019-09-15T23:54:38 IST" name="PostJira" finished-at="2019-09-15T23:54:38 IST" duration-ms="17" status="PASS">
          <reporter-output>
          </reporter-output>
        </test-method> <!-- PostJira -->
        <test-method signature="deleteTwitter()[pri:0, instance:qaclickacademy.RestAssuredTest@2ea6137]" started-at="2019-09-15T23:54:38 IST" name="deleteTwitter" finished-at="2019-09-15T23:54:38 IST" duration-ms="1" status="PASS">
          <reporter-output>
          </reporter-output>
        </test-method> <!-- deleteTwitter -->
      </class> <!-- qaclickacademy.RestAssuredTest -->
      <class name="qaclickacademy.SeleniumTest">
        <test-method signature="browserAutomation()[pri:0, instance:qaclickacademy.SeleniumTest@1e67a849]" started-at="2019-09-15T23:54:38 IST" name="browserAutomation" finished-at="2019-09-15T23:54:38 IST" duration-ms="0" status="PASS">
          <reporter-output>
          </reporter-output>
        </test-method> <!-- browserAutomation -->
        <test-method signature="elementsUI()[pri:0, instance:qaclickacademy.SeleniumTest@1e67a849]" started-at="2019-09-15T23:54:38 IST" name="elementsUI" finished-at="2019-09-15T23:54:38 IST" duration-ms="0" status="PASS">
          <reporter-output>
          </reporter-output>
        </test-method> <!-- elementsUI -->
      </class> <!-- qaclickacademy.SeleniumTest -->
    </test> <!-- Test -->
  </suite> <!-- Suite -->
</testng-results>
